C:\Program Files (x86)\Microsoft Visual Studio\2017\Enterprise\Common7\IDE\VC\VCTargets\Microsoft.CppBuild.targets(377,5): warning MSB8004: Output 目录未以斜杠结尾。  此生成实例将添加斜杠，因为必须有这个斜杠才能正确计算 Output 目录。
C:\Program Files (x86)\Microsoft Visual Studio\2017\Enterprise\Common7\IDE\VC\VCTargets\Microsoft.CppBuild.targets(391,5): warning MSB8028: 中间目录(Release\)包含从另一个项目(MCWorld.vcxproj)共享的文件。   这会导致错误的清除和重新生成行为。
  GLApp.cpp
d:\jason\code\cpp\learnopengl\learnopengl\glapp.cpp(82): warning C4244: “初始化”: 从“double”转换到“float”，可能丢失数据
d:\jason\code\cpp\learnopengl\learnopengl\glapp.cpp(90): warning C4244: “初始化”: 从“double”转换到“float”，可能丢失数据
d:\jason\code\cpp\learnopengl\learnopengl\glapp.cpp(890): warning C4244: “=”: 从“double”转换到“T”，可能丢失数据
          with
          [
              T=float
          ]
d:\jason\code\cpp\learnopengl\learnopengl\glapp.cpp(891): warning C4244: “=”: 从“double”转换到“T”，可能丢失数据
          with
          [
              T=float
          ]
d:\jason\code\cpp\learnopengl\learnopengl\glapp.cpp(892): warning C4244: “=”: 从“double”转换到“T”，可能丢失数据
          with
          [
              T=float
          ]
d:\jason\code\cpp\learnopengl\learnopengl\glapp.cpp(930): warning C4244: “=”: 从“double”转换到“float”，可能丢失数据
d:\jason\code\cpp\learnopengl\learnopengl\glapp.cpp(931): warning C4244: “=”: 从“double”转换到“float”，可能丢失数据
d:\jason\code\cpp\learnopengl\learnopengl\glapp.cpp(935): warning C4244: “初始化”: 从“double”转换到“float”，可能丢失数据
d:\jason\code\cpp\learnopengl\learnopengl\glapp.cpp(936): warning C4244: “初始化”: 从“double”转换到“float”，可能丢失数据
d:\jason\code\cpp\learnopengl\learnopengl\glapp.cpp(937): warning C4244: “=”: 从“double”转换到“float”，可能丢失数据
d:\jason\code\cpp\learnopengl\learnopengl\glapp.cpp(938): warning C4244: “=”: 从“double”转换到“float”，可能丢失数据
d:\jason\code\cpp\learnopengl\learnopengl\glapp.cpp(973): warning C4244: “-=”: 从“double”转换到“float”，可能丢失数据
  正在生成代码
  3 of 863 functions ( 0.3%) were compiled, the rest were copied from previous compilation.
    0 functions were new in current compilation
    0 functions had inline decision re-evaluated but remain unchanged
  已完成代码的生成
  LearnOpengl.vcxproj -> D:\jason\code\cpp\LearnOpengl\bin\release\LearnOpenGL.exe
